499
0 4293
1 6560
2 5498
3 8212
4 2936
5 4911
6 2045
7 5658
8 9714
9 6706
10 4003
11 9715
12 9128
13 3099
14 9276
15 4457
16 5051
17 8210
18 8822
19 4448
20 8818
21 6555
22 3694
23 1887
24 992
25 77
26 8367
27 3400
28 4449
29 385
30 9724
31 6264
32 8811
33 2348
34 2044
35 4000
36 540
37 3103
38 8360
39 9875
40 684
41 3855
42 8823
43 9721
44 3992
45 8970
46 3695
47 4294
48 8813
49 8817
50 8962
51 7765
52 2938
53 7007
54 4150
55 7308
56 9871
57 1590
58 4293
59 7014
60 833
61 1292
62 2335
63 8209
64 9117
65 4594
66 1740
67 9120
68 6853
69 1590
70 2200
71 3245
72 2199
73 5344
74 4154
75 2796
76 9118
77 8072
78 542
79 7620
80 994
81 992
82 9718
83 9728
84 228
85 3842
86 1429
87 6868
88 391
89 2495
90 8515
91 529
92 6412
93 7607
94 2048
95 4296
96 3399
97 1883
98 5205
99 2047
100 7910
101 385
102 5953
103 2791
104 7162
105 681
106 4290
107 5955
108 9876
109 538
110 1887
111 6114
112 7016
113 7005
114 5207
115 1139
117 4900
118 8371
119 3250
120 2184
121 7610
122 388
123 4298
124 4594
125 3997
126 6555
127 2340
128 8068
129 832
130 1435
131 9275
132 6406
133 2044
134 5207
135 3544
136 380
137 5049
138 5358
139 6415
140 85
141 4454
142 1890
143 9118
144 2498
145 2796
146 6112
147 1590
148 3248
149 3094
150 3990
151 3991
152 7767
153 7006
154 2336
155 1438
156 7011
157 5964
158 6862
159 683
160 5805
161 9571
162 3394
163 2040
164 2190
165 1736
166 4603
167 2037
168 1881
169 7758
170 989
171 541
172 5347
173 2800
174 9421
175 3997
176 7006
177 5501
178 7461
179 992
180 5661
181 7317
182 6707
183 1439
184 537
185 8677
186 7619
187 1292
188 5655
189 6253
190 6854
191 4307
192 9417
193 4446
194 4897
195 2198
196 1132
197 691
198 9119
199 9122
200 8364
201 6258
202 88
203 1433
204 7920
205 7914
206 3999
207 9869
208 2494
209 990
210 9411
211 8058
212 9869
213 4756
214 4150
215 7471
216 8510
217 8221
218 5055
219 7007
220 4151
221 9122
222 1887
223 2195
224 7314
225 1429
226 5504
227 5648
228 8359
229 7156
230 3853
231 4452
232 2952
233 3692
234 533
235 87
236 6258
237 4743
238 4908
239 9423
240 1132
241 6556
242 84
243 3999
244 9273
245 6557
246 3696
247 9425
248 4000
249 4303
250 7317
251 1592
252 2643
253 2494
254 1295
255 3389
256 1446
257 9113
258 2341
259 1897
260 2048
261 1883
262 7767
263 8816
264 2338
265 1899
266 7613
267 839
268 535
269 6563
270 2494
271 2497
272 2497
273 2338
274 691
275 9566
276 5656
277 8974
278 1279
279 2044
280 5203
281 2337
282 3248
283 225
284 1280
285 3700
286 2487
287 88
288 9574
289 5055
290 8071
291 5209
292 1294
293 6252
294 2495
295 7464
296 6249
297 7013
298 5058
299 9717
300 9723
301 9273
302 7604
303 2185
304 7011
305 9564
306 5195
307 992
308 7152
309 6110
310 3392
311 6264
312 4146
313 5047
314 9130
315 4893
316 992
317 7764
318 2495
319 1287
320 7155
321 2035
322 1580
323 7155
324 8664
325 6704
326 3239
327 82
328 5662
329 2953
330 6702
331 5962
332 238
333 1740
334 9125
335 4595
336 5204
337 92
338 6859
339 381
340 226
341 9726
342 834
343 3396
344 5810
345 1295
346 8056
347 690
348 3838
349 9416
350 78
351 7618
352 7619
353 7621
354 4299
355 9580
356 6702
357 7316
358 9265
359 5662
360 534
361 3703
362 8667
363 1888
364 89
365 8070
366 985
367 1581
368 1593
369 7468
370 9723
371 8211
372 7157
373 1435
374 9723
375 8368
376 8373
377 1439
378 9274
379 7609
380 8826
381 4604
382 1585
383 9417
384 3545
385 5204
386 7156
387 5055
388 3095
389 1142
390 4450
391 3396
392 383
393 9868
394 7772
395 8363
396 6260
397 1284
398 985
399 380
400 678
401 6262
402 5347
403 2499
404 9721
405 239
406 2790
407 6408
408 9726
409 4896
410 6711
411 2349
412 8670
413 4909
414 1735
415 6257
416 9578
417 7462
418 1732
419 9416
420 383
421 2185
422 9878
423 2645
424 3705
425 232
426 675
427 977
428 6250
429 2042
430 9426
431 79
432 7164
433 9414
434 9574
435 2936
436 1587
437 3395
438 6853
439 8069
440 2489
441 2787
442 985
443 5208
444 834
445 1744
446 1744
447 5806
448 2937
449 2338
450 76
451 4746
452 7610
453 1440
454 9113
455 7906
456 3851
457 1584
458 6403
459 9727
460 9568
461 8517
462 3844
463 375
464 1592
465 6557
466 7313
467 7320
468 678
469 1733
470 3101
471 6859
472 6101
473 1130
474 4443
475 3702
476 2346
477 5655
478 391
479 3249
480 1588
481 3250
482 5497
483 1746
484 9421
485 7615
486 225
487 5206
488 3097
489 2649
490 5359
491 9567
492 6253
493 6253
494 5202
495 9563
496 4456
497 2336
498 9571
499 3103
