100
0 9955
1 3479
2 8071
3 2347
4 3630
5 3026
6 2649
7 9428
8 9579
9 6340
10 692
11 7997
12 9427
13 6039
14 1972
15 4610
16 3932
17 3027
18 89
19 2199
20 14
21 6492
22 2048
23 2498
24 7317
25 692
26 6113
27 5814
28 5510
29 918
30 5963
31 240
32 9804
33 8674
34 2726
35 9503
36 1142
37 3402
38 4985
39 3479
40 6339
41 1670
42 1671
43 6266
44 2650
45 6112
46 9803
47 5962
48 691
49 2122
50 3779
51 2198
52 2952
53 5962
54 5661
55 5965
56 4307
57 6266
58 7771
59 2049
60 5662
61 6039
62 89
63 3402
64 7545
65 4306
66 9653
67 8147
68 7169
69 1670
70 4080
71 8826
72 4608
73 6792
74 5211
75 9503
76 5210
77 5889
78 617
79 2198
80 2876
81 6263
82 4457
83 6340
84 3779
85 4909
86 5963
87 3705
88 1444
89 6490
90 4759
91 6791
92 3101
93 9051
94 1745
95 9653
96 4683
97 4382
98 5136
99 90
